[08:50:52] [INIT] KubeJS 2001.6.4-build.138; MC 2001 forge
[08:50:52] [INIT] Loaded plugins:
[08:50:52] [INIT] - dev.latvian.mods.kubejs.forge.BuiltinKubeJSForgePlugin
[08:50:52] [INIT] - dev.ftb.mods.ftbxmodcompat.ftbquests.kubejs.KubeJSIntegration
[08:50:52] [INIT] - dev.ftb.mods.ftbxmodcompat.ftbchunks.kubejs.FTBChunksKubeJSPlugin
[08:50:52] [INIT] - dev.ftb.mods.ftbxmodcompat.ftbteams.kubejs.FTBTeamsKubeJSPlugin
[08:50:52] [INIT] - com.tom.createores.kubejs.KubeJSExcavation
[08:50:52] [INIT] - com.almostreliable.morejs.Plugin
[08:50:52] [INIT] - com.blakebr0.cucumber.compat.kubejs.CucumberKubeJSPlugin
[08:50:52] [INIT] - com.almostreliable.ponderjs.PonderJSPlugin
[08:50:52] [INFO] mysticalagriculture.js#1: Loaded Java class 'com.blakebr0.mysticalagriculture.api.MysticalAgricultureAPI'
[08:50:52] [INFO] Loaded script startup_scripts:mysticalagriculture.js in 0.086 s
[08:50:52] [INFO] Loaded script startup_scripts:AE2/Universal_Press.js in 0.002 s
[08:50:52] [INFO] Loaded script startup_scripts:settings.js in 0.008 s
[08:50:52] [INFO] Loaded script startup_scripts:custom_additions.js in 0.006 s
[08:50:52] [INFO] Loaded script startup_scripts:worldgen.js in 0.0 s
[08:50:52] [INFO] farmingForBlockheads.js#8: Loaded Java class 'net.blay09.mods.farmingforblockheads.api.FarmingForBlockheadsAPI'
[08:50:52] [INFO] Loaded script startup_scripts:farmingForBlockheads.js in 0.007 s
[08:50:52] [INFO] mekanismStartup.js#16: Loaded Java class 'mekanism.api.chemical.slurry.Slurry'
[08:50:52] [INFO] mekanismStartup.js#17: Loaded Java class 'mekanism.api.chemical.slurry.SlurryBuilder'
[08:50:52] [INFO] mekanismStartup.js#18: Loaded Java class 'mekanism.api.chemical.gas.Gas'
[08:50:52] [INFO] mekanismStartup.js#19: Loaded Java class 'mekanism.api.chemical.gas.GasBuilder'
[08:50:52] [INFO] Loaded script startup_scripts:mekanismStartup.js in 0.011 s
[08:50:52] [INFO] Loaded 7/7 KubeJS startup scripts in 0.51 s with 0 errors and 0 warnings
